<?xml version="1.0" encoding="UTF-8"?>
<testsuite xmlns:xsi="http://www.w3.org/2001/XMLSchema-instance" xsi:noNamespaceSchemaLocation="https://maven.apache.org/surefire/maven-surefire-plugin/xsd/surefire-test-report.xsd" name="testRunner.TestRun" time="133.349" tests="66" errors="0" skipped="3" failures="2">
  <properties>
    <property name="sun.desktop" value="windows"/>
    <property name="awt.toolkit" value="sun.awt.windows.WToolkit"/>
    <property name="java.specification.version" value="11"/>
    <property name="sun.cpu.isalist" value="amd64"/>
    <property name="sun.jnu.encoding" value="Cp1252"/>
    <property name="java.class.path" value="C:\Users\Hare Krishna\eclipse-workspacedemo1\CucumberBy_SDET\target\test-classes;C:\Users\Hare Krishna\eclipse-workspacedemo1\CucumberBy_SDET\target\classes;C:\Users\Hare Krishna\.m2\repository\info\cukes\cucumber-junit\1.2.5\cucumber-junit-1.2.5.jar;C:\Users\Hare Krishna\.m2\repository\info\cukes\cucumber-core\1.2.5\cucumber-core-1.2.5.jar;C:\Users\Hare Krishna\.m2\repository\info\cukes\cucumber-html\0.2.3\cucumber-html-0.2.3.jar;C:\Users\Hare Krishna\.m2\repository\info\cukes\cucumber-jvm-deps\1.0.5\cucumber-jvm-deps-1.0.5.jar;C:\Users\Hare Krishna\.m2\repository\info\cukes\gherkin\2.12.2\gherkin-2.12.2.jar;C:\Users\Hare Krishna\.m2\repository\info\cukes\cucumber-java\1.2.5\cucumber-java-1.2.5.jar;C:\Users\Hare Krishna\.m2\repository\junit\junit\4.13\junit-4.13.jar;C:\Users\Hare Krishna\.m2\repository\org\hamcrest\hamcrest-core\1.3\hamcrest-core-1.3.jar;C:\Users\Hare Krishna\.m2\repository\org\seleniumhq\selenium\selenium-java\3.141.59\selenium-java-3.141.59.jar;C:\Users\Hare Krishna\.m2\repository\org\seleniumhq\selenium\selenium-api\3.141.59\selenium-api-3.141.59.jar;C:\Users\Hare Krishna\.m2\repository\org\seleniumhq\selenium\selenium-chrome-driver\3.141.59\selenium-chrome-driver-3.141.59.jar;C:\Users\Hare Krishna\.m2\repository\org\seleniumhq\selenium\selenium-edge-driver\3.141.59\selenium-edge-driver-3.141.59.jar;C:\Users\Hare Krishna\.m2\repository\org\seleniumhq\selenium\selenium-firefox-driver\3.141.59\selenium-firefox-driver-3.141.59.jar;C:\Users\Hare Krishna\.m2\repository\org\seleniumhq\selenium\selenium-ie-driver\3.141.59\selenium-ie-driver-3.141.59.jar;C:\Users\Hare Krishna\.m2\repository\org\seleniumhq\selenium\selenium-opera-driver\3.141.59\selenium-opera-driver-3.141.59.jar;C:\Users\Hare Krishna\.m2\repository\org\seleniumhq\selenium\selenium-remote-driver\3.141.59\selenium-remote-driver-3.141.59.jar;C:\Users\Hare Krishna\.m2\repository\org\seleniumhq\selenium\selenium-safari-driver\3.141.59\selenium-safari-driver-3.141.59.jar;C:\Users\Hare Krishna\.m2\repository\org\seleniumhq\selenium\selenium-support\3.141.59\selenium-support-3.141.59.jar;C:\Users\Hare Krishna\.m2\repository\net\bytebuddy\byte-buddy\1.8.15\byte-buddy-1.8.15.jar;C:\Users\Hare Krishna\.m2\repository\org\apache\commons\commons-exec\1.3\commons-exec-1.3.jar;C:\Users\Hare Krishna\.m2\repository\com\google\guava\guava\25.0-jre\guava-25.0-jre.jar;C:\Users\Hare Krishna\.m2\repository\com\google\code\findbugs\jsr305\1.3.9\jsr305-1.3.9.jar;C:\Users\Hare Krishna\.m2\repository\org\checkerframework\checker-compat-qual\2.0.0\checker-compat-qual-2.0.0.jar;C:\Users\Hare Krishna\.m2\repository\com\google\errorprone\error_prone_annotations\2.1.3\error_prone_annotations-2.1.3.jar;C:\Users\Hare Krishna\.m2\repository\com\google\j2objc\j2objc-annotations\1.1\j2objc-annotations-1.1.jar;C:\Users\Hare Krishna\.m2\repository\org\codehaus\mojo\animal-sniffer-annotations\1.14\animal-sniffer-annotations-1.14.jar;C:\Users\Hare Krishna\.m2\repository\com\squareup\okhttp3\okhttp\3.11.0\okhttp-3.11.0.jar;C:\Users\Hare Krishna\.m2\repository\com\squareup\okio\okio\1.14.0\okio-1.14.0.jar;C:\Users\Hare Krishna\.m2\repository\org\apache\commons\commons-lang3\3.0\commons-lang3-3.0.jar;C:\Users\Hare Krishna\.m2\repository\log4j\log4j\1.2.17\log4j-1.2.17.jar;"/>
    <property name="java.vm.vendor" value="Oracle Corporation"/>
    <property name="sun.arch.data.model" value="64"/>
    <property name="user.variant" value=""/>
    <property name="java.vendor.url" value="https://openjdk.java.net/"/>
    <property name="user.timezone" value="Asia/Calcutta"/>
    <property name="java.vm.specification.version" value="11"/>
    <property name="os.name" value="Windows 10"/>
    <property name="sun.java.launcher" value="SUN_STANDARD"/>
    <property name="user.country" value="US"/>
    <property name="sun.boot.library.path" value="C:\Program Files\Java\jdk-11.0.10\bin"/>
    <property name="sun.java.command" value="C:\Users\HAREKR~1\AppData\Local\Temp\surefire17219441343121936831\surefirebooter12700911906246785508.jar C:\Users\Hare Krishna\AppData\Local\Temp\surefire17219441343121936831 2021-07-14T21-29-23_112-jvmRun1 surefire226838710556290125tmp surefire_07829552151831483379tmp"/>
    <property name="jdk.debug" value="release"/>
    <property name="surefire.test.class.path" value="C:\Users\Hare Krishna\eclipse-workspacedemo1\CucumberBy_SDET\target\test-classes;C:\Users\Hare Krishna\eclipse-workspacedemo1\CucumberBy_SDET\target\classes;C:\Users\Hare Krishna\.m2\repository\info\cukes\cucumber-junit\1.2.5\cucumber-junit-1.2.5.jar;C:\Users\Hare Krishna\.m2\repository\info\cukes\cucumber-core\1.2.5\cucumber-core-1.2.5.jar;C:\Users\Hare Krishna\.m2\repository\info\cukes\cucumber-html\0.2.3\cucumber-html-0.2.3.jar;C:\Users\Hare Krishna\.m2\repository\info\cukes\cucumber-jvm-deps\1.0.5\cucumber-jvm-deps-1.0.5.jar;C:\Users\Hare Krishna\.m2\repository\info\cukes\gherkin\2.12.2\gherkin-2.12.2.jar;C:\Users\Hare Krishna\.m2\repository\info\cukes\cucumber-java\1.2.5\cucumber-java-1.2.5.jar;C:\Users\Hare Krishna\.m2\repository\junit\junit\4.13\junit-4.13.jar;C:\Users\Hare Krishna\.m2\repository\org\hamcrest\hamcrest-core\1.3\hamcrest-core-1.3.jar;C:\Users\Hare Krishna\.m2\repository\org\seleniumhq\selenium\selenium-java\3.141.59\selenium-java-3.141.59.jar;C:\Users\Hare Krishna\.m2\repository\org\seleniumhq\selenium\selenium-api\3.141.59\selenium-api-3.141.59.jar;C:\Users\Hare Krishna\.m2\repository\org\seleniumhq\selenium\selenium-chrome-driver\3.141.59\selenium-chrome-driver-3.141.59.jar;C:\Users\Hare Krishna\.m2\repository\org\seleniumhq\selenium\selenium-edge-driver\3.141.59\selenium-edge-driver-3.141.59.jar;C:\Users\Hare Krishna\.m2\repository\org\seleniumhq\selenium\selenium-firefox-driver\3.141.59\selenium-firefox-driver-3.141.59.jar;C:\Users\Hare Krishna\.m2\repository\org\seleniumhq\selenium\selenium-ie-driver\3.141.59\selenium-ie-driver-3.141.59.jar;C:\Users\Hare Krishna\.m2\repository\org\seleniumhq\selenium\selenium-opera-driver\3.141.59\selenium-opera-driver-3.141.59.jar;C:\Users\Hare Krishna\.m2\repository\org\seleniumhq\selenium\selenium-remote-driver\3.141.59\selenium-remote-driver-3.141.59.jar;C:\Users\Hare Krishna\.m2\repository\org\seleniumhq\selenium\selenium-safari-driver\3.141.59\selenium-safari-driver-3.141.59.jar;C:\Users\Hare Krishna\.m2\repository\org\seleniumhq\selenium\selenium-support\3.141.59\selenium-support-3.141.59.jar;C:\Users\Hare Krishna\.m2\repository\net\bytebuddy\byte-buddy\1.8.15\byte-buddy-1.8.15.jar;C:\Users\Hare Krishna\.m2\repository\org\apache\commons\commons-exec\1.3\commons-exec-1.3.jar;C:\Users\Hare Krishna\.m2\repository\com\google\guava\guava\25.0-jre\guava-25.0-jre.jar;C:\Users\Hare Krishna\.m2\repository\com\google\code\findbugs\jsr305\1.3.9\jsr305-1.3.9.jar;C:\Users\Hare Krishna\.m2\repository\org\checkerframework\checker-compat-qual\2.0.0\checker-compat-qual-2.0.0.jar;C:\Users\Hare Krishna\.m2\repository\com\google\errorprone\error_prone_annotations\2.1.3\error_prone_annotations-2.1.3.jar;C:\Users\Hare Krishna\.m2\repository\com\google\j2objc\j2objc-annotations\1.1\j2objc-annotations-1.1.jar;C:\Users\Hare Krishna\.m2\repository\org\codehaus\mojo\animal-sniffer-annotations\1.14\animal-sniffer-annotations-1.14.jar;C:\Users\Hare Krishna\.m2\repository\com\squareup\okhttp3\okhttp\3.11.0\okhttp-3.11.0.jar;C:\Users\Hare Krishna\.m2\repository\com\squareup\okio\okio\1.14.0\okio-1.14.0.jar;C:\Users\Hare Krishna\.m2\repository\org\apache\commons\commons-lang3\3.0\commons-lang3-3.0.jar;C:\Users\Hare Krishna\.m2\repository\log4j\log4j\1.2.17\log4j-1.2.17.jar;"/>
    <property name="sun.cpu.endian" value="little"/>
    <property name="user.home" value="C:\Users\Hare Krishna"/>
    <property name="user.language" value="en"/>
    <property name="java.specification.vendor" value="Oracle Corporation"/>
    <property name="java.version.date" value="2021-01-19"/>
    <property name="java.home" value="C:\Program Files\Java\jdk-11.0.10"/>
    <property name="file.separator" value="\"/>
    <property name="basedir" value="C:\Users\Hare Krishna\eclipse-workspacedemo1\CucumberBy_SDET"/>
    <property name="java.vm.compressedOopsMode" value="32-bit"/>
    <property name="line.separator" value="&#10;"/>
    <property name="java.specification.name" value="Java Platform API Specification"/>
    <property name="java.vm.specification.vendor" value="Oracle Corporation"/>
    <property name="java.awt.graphicsenv" value="sun.awt.Win32GraphicsEnvironment"/>
    <property name="surefire.real.class.path" value="C:\Users\HAREKR~1\AppData\Local\Temp\surefire17219441343121936831\surefirebooter12700911906246785508.jar"/>
    <property name="user.script" value=""/>
    <property name="sun.management.compiler" value="HotSpot 64-Bit Tiered Compilers"/>
    <property name="java.runtime.version" value="11.0.10+8-LTS-162"/>
    <property name="user.name" value="Hare Krishna"/>
    <property name="path.separator" value=";"/>
    <property name="os.version" value="10.0"/>
    <property name="java.runtime.name" value="Java(TM) SE Runtime Environment"/>
    <property name="file.encoding" value="Cp1252"/>
    <property name="java.vm.name" value="Java HotSpot(TM) 64-Bit Server VM"/>
    <property name="java.vendor.version" value="18.9"/>
    <property name="localRepository" value="C:\Users\Hare Krishna\.m2\repository"/>
    <property name="java.vendor.url.bug" value="https://bugreport.java.com/bugreport/"/>
    <property name="java.io.tmpdir" value="C:\Users\HAREKR~1\AppData\Local\Temp\"/>
    <property name="java.version" value="11.0.10"/>
    <property name="user.dir" value="C:\Users\Hare Krishna\eclipse-workspacedemo1\CucumberBy_SDET"/>
    <property name="os.arch" value="amd64"/>
    <property name="java.vm.specification.name" value="Java Virtual Machine Specification"/>
    <property name="java.awt.printerjob" value="sun.awt.windows.WPrinterJob"/>
    <property name="sun.os.patch.level" value=""/>
    <property name="java.library.path" value="C:\Program Files\Java\jdk-11.0.10\bin;C:\WINDOWS\Sun\Java\bin;C:\WINDOWS\system32;C:\WINDOWS;C:\WINDOWS\system32;C:\WINDOWS;C:\WINDOWS\System32\Wbem;C:\WINDOWS\System32\WindowsPowerShell\v1.0\;C:\WINDOWS\System32\OpenSSH\;C:\work\meven\apache-maven-3.6.3-bin\apache-maven-3.6.3\bin;C:\Program Files\Java\jdk-11.0.10\bin;C:\Program Files\Git\cmd;C:\Program Files\Git\bin;C:\Program Files\MySQL\MySQL Shell 8.0\bin\;C:\Users\Hare Krishna\AppData\Local\Microsoft\WindowsApps;;."/>
    <property name="java.vendor" value="Oracle Corporation"/>
    <property name="java.vm.info" value="mixed mode"/>
    <property name="java.vm.version" value="11.0.10+8-LTS-162"/>
    <property name="sun.io.unicode.encoding" value="UnicodeLittle"/>
    <property name="java.class.version" value="55.0"/>
  </properties>
  <testcase name="Given user launch chrome browser" classname="Scenario: Add a new customer" time="0.002"/>
  <testcase name="When user opens url &quot;https://admin-demo.nopcommerce.com/&quot;" classname="Scenario: Add a new customer" time="0"/>
  <testcase name="And user enters email as &quot;admin@yourstore.com&quot; and password as &quot;admin&quot;" classname="Scenario: Add a new customer" time="0"/>
  <testcase name="And clicks on login" classname="Scenario: Add a new customer" time="0"/>
  <testcase name="Then user can view dashboard" classname="Scenario: Add a new customer" time="0"/>
  <testcase name="When user clicks on customers menu" classname="Scenario: Add a new customer" time="0"/>
  <testcase name="And clicks on customer menu item" classname="Scenario: Add a new customer" time="0"/>
  <testcase name="And clicks on add new button" classname="Scenario: Add a new customer" time="0"/>
  <testcase name="Then user can view add new customer page" classname="Scenario: Add a new customer" time="0"/>
  <testcase name="When user enters customer info" classname="Scenario: Add a new customer" time="0"/>
  <testcase name="And clicks on save button" classname="Scenario: Add a new customer" time="0"/>
  <testcase name="Then user can view confirmation message &quot;The new customer has been added successfully.&quot;" classname="Scenario: Add a new customer" time="0"/>
  <testcase name="And close browser" classname="Scenario: Add a new customer" time="0"/>
  <testcase name="Scenario: Add a new customer" classname="Scenario: Add a new customer" time="0.001"/>
  <testcase name="Given user launch chrome browser" classname="Scenario: Search Customer by EMailID" time="0.001"/>
  <testcase name="When user opens url &quot;https://admin-demo.nopcommerce.com/&quot;" classname="Scenario: Search Customer by EMailID" time="0"/>
  <testcase name="And user enters email as &quot;admin@yourstore.com&quot; and password as &quot;admin&quot;" classname="Scenario: Search Customer by EMailID" time="0"/>
  <testcase name="And clicks on login" classname="Scenario: Search Customer by EMailID" time="0"/>
  <testcase name="Then user can view dashboard" classname="Scenario: Search Customer by EMailID" time="0"/>
  <testcase name="When user clicks on customers menu" classname="Scenario: Search Customer by EMailID" time="0"/>
  <testcase name="And clicks on customer menu item" classname="Scenario: Search Customer by EMailID" time="0"/>
  <testcase name="And Enter customer EMail" classname="Scenario: Search Customer by EMailID" time="0"/>
  <testcase name="When Click on search button" classname="Scenario: Search Customer by EMailID" time="0"/>
  <testcase name="Then User should found Email in the Search table" classname="Scenario: Search Customer by EMailID" time="0"/>
  <testcase name="And close browser" classname="Scenario: Search Customer by EMailID" time="0"/>
  <testcase name="Scenario: Search Customer by EMailID" classname="Scenario: Search Customer by EMailID" time="0"/>
  <testcase name="Given user launch chrome browser" classname="Scenario: Search Customer by Name" time="0"/>
  <testcase name="When user opens url &quot;https://admin-demo.nopcommerce.com/&quot;" classname="Scenario: Search Customer by Name" time="0"/>
  <testcase name="And user enters email as &quot;admin@yourstore.com&quot; and password as &quot;admin&quot;" classname="Scenario: Search Customer by Name" time="0"/>
  <testcase name="And clicks on login" classname="Scenario: Search Customer by Name" time="0"/>
  <testcase name="Then user can view dashboard" classname="Scenario: Search Customer by Name" time="0"/>
  <testcase name="When user clicks on customers menu" classname="Scenario: Search Customer by Name" time="0.001"/>
  <testcase name="And clicks on customer menu item" classname="Scenario: Search Customer by Name" time="0"/>
  <testcase name="And Enter customer FirstName" classname="Scenario: Search Customer by Name" time="0"/>
  <testcase name="And Enter customer LastName" classname="Scenario: Search Customer by Name" time="0"/>
  <testcase name="When Click on search button" classname="Scenario: Search Customer by Name" time="0"/>
  <testcase name="Then User should found Name in the Search table" classname="Scenario: Search Customer by Name" time="0"/>
  <testcase name="And close browser" classname="Scenario: Search Customer by Name" time="0"/>
  <testcase name="Scenario: Search Customer by Name" classname="Scenario: Search Customer by Name" time="0"/>
  <testcase name="Given user launch chrome browser" classname="Scenario: successful login with valid credentials" time="0.001"/>
  <testcase name="When user opens url &quot;https://admin-demo.nopcommerce.com/&quot;" classname="Scenario: successful login with valid credentials" time="0"/>
  <testcase name="And user enters email as &quot;admin@yourstore.com&quot; and password as &quot;admin&quot;" classname="Scenario: successful login with valid credentials" time="0"/>
  <testcase name="And clicks on login" classname="Scenario: successful login with valid credentials" time="0"/>
  <testcase name="Then page title should be &quot;Dashboard / nopCommerce administration&quot;" classname="Scenario: successful login with valid credentials" time="0"/>
  <testcase name="When useer clicks on logout link" classname="Scenario: successful login with valid credentials" time="0"/>
  <testcase name="Then page title should be &quot;Your store. Login&quot;" classname="Scenario: successful login with valid credentials" time="0"/>
  <testcase name="And close browser" classname="Scenario: successful login with valid credentials" time="0"/>
  <testcase name="Scenario: successful login with valid credentials" classname="Scenario: successful login with valid credentials" time="0"/>
  <testcase name="Given user launch chrome browser" classname="| admin@yourstore.com | admin |" time="0"/>
  <testcase name="When user opens url &quot;https://admin-demo.nopcommerce.com/&quot;" classname="| admin@yourstore.com | admin |" time="0"/>
  <testcase name="And user enters email as &quot;admin@yourstore.com&quot; and password as &quot;admin&quot;" classname="| admin@yourstore.com | admin |" time="0"/>
  <testcase name="And clicks on login" classname="| admin@yourstore.com | admin |" time="0"/>
  <testcase name="Then page title should be &quot;Dashboard / nopCommerce administration&quot;" classname="| admin@yourstore.com | admin |" time="0"/>
  <testcase name="When useer clicks on logout link" classname="| admin@yourstore.com | admin |" time="0"/>
  <testcase name="Then page title should be &quot;Your store. Login&quot;" classname="| admin@yourstore.com | admin |" time="0"/>
  <testcase name="And close browser" classname="| admin@yourstore.com | admin |" time="0"/>
  <testcase name="| admin@yourstore.com | admin |" classname="| admin@yourstore.com | admin |" time="0.001"/>
  <testcase name="Given user launch chrome browser" classname="| admin@yourstore.com | admin123 |" time="0"/>
  <testcase name="When user opens url &quot;https://admin-demo.nopcommerce.com/&quot;" classname="| admin@yourstore.com | admin123 |" time="0"/>
  <testcase name="And user enters email as &quot;admin@yourstore.com&quot; and password as &quot;admin123&quot;" classname="| admin@yourstore.com | admin123 |" time="0"/>
  <testcase name="And clicks on login" classname="| admin@yourstore.com | admin123 |" time="0"/>
  <testcase name="Then page title should be &quot;Dashboard / nopCommerce administration&quot;" classname="| admin@yourstore.com | admin123 |" time="0.009">
    <failure type="java.lang.AssertionError">java.lang.AssertionError
</failure>
  </testcase>
  <testcase name="| admin@yourstore.com | admin123 |" classname="| admin@yourstore.com | admin123 |" time="0.009">
    <failure type="java.lang.AssertionError">java.lang.AssertionError
</failure>
  </testcase>
  <testcase name="When useer clicks on logout link" classname="| admin@yourstore.com | admin123 |" time="0">
    <skipped/>
  </testcase>
  <testcase name="Then page title should be &quot;Your store. Login&quot;" classname="| admin@yourstore.com | admin123 |" time="0">
    <skipped/>
  </testcase>
  <testcase name="And close browser" classname="| admin@yourstore.com | admin123 |" time="0">
    <skipped/>
  </testcase>
</testsuite>